  P2Demo.cpp
C:\Users\user\OneDrive\Desktop\Lesson\Graphic Programming\Practicals\Practical 2 Geometry transformation Part 1\Practical2(previous)\P2Demo.cpp(6,35): warning C4305: 'initializing': truncation from 'double' to 'float'
C:\Users\user\OneDrive\Desktop\Lesson\Graphic Programming\Practicals\Practical 2 Geometry transformation Part 1\Practical2(previous)\P2Demo.cpp(9,23): warning C4305: 'initializing': truncation from 'double' to 'float'
C:\Users\user\OneDrive\Desktop\Lesson\Graphic Programming\Practicals\Practical 2 Geometry transformation Part 1\Practical2(previous)\P2Demo.cpp(9,33): warning C4305: 'initializing': truncation from 'double' to 'float'
C:\Users\user\OneDrive\Desktop\Lesson\Graphic Programming\Practicals\Practical 2 Geometry transformation Part 1\Practical2(previous)\P2Demo.cpp(38,13): warning C4305: '+=': truncation from 'double' to 'float'
C:\Users\user\OneDrive\Desktop\Lesson\Graphic Programming\Practicals\Practical 2 Geometry transformation Part 1\Practical2(previous)\P2Demo.cpp(43,13): warning C4305: '-=': truncation from 'double' to 'float'
C:\Users\user\OneDrive\Desktop\Lesson\Graphic Programming\Practicals\Practical 2 Geometry transformation Part 1\Practical2(previous)\P2Demo.cpp(70,12): warning C4305: '=': truncation from 'double' to 'float'
C:\Users\user\OneDrive\Desktop\Lesson\Graphic Programming\Practicals\Practical 2 Geometry transformation Part 1\Practical2(previous)\P2Demo.cpp(71,12): warning C4305: '=': truncation from 'double' to 'float'
C:\Users\user\OneDrive\Desktop\Lesson\Graphic Programming\Practicals\Practical 2 Geometry transformation Part 1\Practical2(previous)\P2Demo.cpp(159,14): warning C4305: '+=': truncation from 'double' to 'float'
C:\Users\user\OneDrive\Desktop\Lesson\Graphic Programming\Practicals\Practical 2 Geometry transformation Part 1\Practical2(previous)\P2Demo.cpp(160,14): warning C4305: '-=': truncation from 'double' to 'float'
C:\Users\user\OneDrive\Desktop\Lesson\Graphic Programming\Practicals\Practical 2 Geometry transformation Part 1\Practical2(previous)\P2Demo.cpp(164,14): warning C4305: '-=': truncation from 'double' to 'float'
C:\Users\user\OneDrive\Desktop\Lesson\Graphic Programming\Practicals\Practical 2 Geometry transformation Part 1\Practical2(previous)\P2Demo.cpp(165,14): warning C4305: '+=': truncation from 'double' to 'float'
C:\Users\user\OneDrive\Desktop\Lesson\Graphic Programming\Practicals\Practical 2 Geometry transformation Part 1\Practical2(previous)\P2Demo.cpp(169,13): warning C4305: '-=': truncation from 'double' to 'float'
C:\Users\user\OneDrive\Desktop\Lesson\Graphic Programming\Practicals\Practical 2 Geometry transformation Part 1\Practical2(previous)\P2Demo.cpp(170,13): warning C4305: '+=': truncation from 'double' to 'float'
C:\Users\user\OneDrive\Desktop\Lesson\Graphic Programming\Practicals\Practical 2 Geometry transformation Part 1\Practical2(previous)\P2Demo.cpp(173,13): warning C4305: '+=': truncation from 'double' to 'float'
C:\Users\user\OneDrive\Desktop\Lesson\Graphic Programming\Practicals\Practical 2 Geometry transformation Part 1\Practical2(previous)\P2Demo.cpp(174,13): warning C4305: '-=': truncation from 'double' to 'float'
C:\Users\user\OneDrive\Desktop\Lesson\Graphic Programming\Practicals\Practical 2 Geometry transformation Part 1\Practical2(previous)\P2Demo.cpp(238,23): warning C4305: 'argument': truncation from 'double' to 'GLfloat'
C:\Users\user\OneDrive\Desktop\Lesson\Graphic Programming\Practicals\Practical 2 Geometry transformation Part 1\Practical2(previous)\P2Demo.cpp(245,23): warning C4305: 'argument': truncation from 'double' to 'GLfloat'
C:\Users\user\OneDrive\Desktop\Lesson\Graphic Programming\Practicals\Practical 2 Geometry transformation Part 1\Practical2(previous)\P2Demo.cpp(247,22): warning C4305: 'argument': truncation from 'double' to 'GLfloat'
C:\Users\user\OneDrive\Desktop\Lesson\Graphic Programming\Practicals\Practical 2 Geometry transformation Part 1\Practical2(previous)\P2Demo.cpp(252,23): warning C4305: 'argument': truncation from 'double' to 'GLfloat'
C:\Users\user\OneDrive\Desktop\Lesson\Graphic Programming\Practicals\Practical 2 Geometry transformation Part 1\Practical2(previous)\P2Demo.cpp(253,24): warning C4305: 'argument': truncation from 'double' to 'GLfloat'
C:\Users\user\OneDrive\Desktop\Lesson\Graphic Programming\Practicals\Practical 2 Geometry transformation Part 1\Practical2(previous)\P2Demo.cpp(259,23): warning C4305: 'argument': truncation from 'double' to 'GLfloat'
C:\Users\user\OneDrive\Desktop\Lesson\Graphic Programming\Practicals\Practical 2 Geometry transformation Part 1\Practical2(previous)\P2Demo.cpp(266,23): warning C4305: 'argument': truncation from 'double' to 'GLfloat'
C:\Users\user\OneDrive\Desktop\Lesson\Graphic Programming\Practicals\Practical 2 Geometry transformation Part 1\Practical2(previous)\P2Demo.cpp(268,21): warning C4305: 'argument': truncation from 'double' to 'GLfloat'
C:\Users\user\OneDrive\Desktop\Lesson\Graphic Programming\Practicals\Practical 2 Geometry transformation Part 1\Practical2(previous)\P2Demo.cpp(273,23): warning C4305: 'argument': truncation from 'double' to 'GLfloat'
C:\Users\user\OneDrive\Desktop\Lesson\Graphic Programming\Practicals\Practical 2 Geometry transformation Part 1\Practical2(previous)\P2Demo.cpp(274,23): warning C4305: 'argument': truncation from 'double' to 'GLfloat'
C:\Users\user\OneDrive\Desktop\Lesson\Graphic Programming\Practicals\Practical 2 Geometry transformation Part 1\Practical2(previous)\P2Demo.cpp(280,23): warning C4305: 'argument': truncation from 'double' to 'GLfloat'
C:\Users\user\OneDrive\Desktop\Lesson\Graphic Programming\Practicals\Practical 2 Geometry transformation Part 1\Practical2(previous)\P2Demo.cpp(281,25): warning C4305: 'argument': truncation from 'double' to 'GLfloat'
C:\Users\user\OneDrive\Desktop\Lesson\Graphic Programming\Practicals\Practical 2 Geometry transformation Part 1\Practical2(previous)\P2Demo.cpp(282,22): warning C4305: 'argument': truncation from 'double' to 'GLfloat'
C:\Users\user\OneDrive\Desktop\Lesson\Graphic Programming\Practicals\Practical 2 Geometry transformation Part 1\Practical2(previous)\P2Demo.cpp(287,23): warning C4305: 'argument': truncation from 'double' to 'GLfloat'
C:\Users\user\OneDrive\Desktop\Lesson\Graphic Programming\Practicals\Practical 2 Geometry transformation Part 1\Practical2(previous)\P2Demo.cpp(288,25): warning C4305: 'argument': truncation from 'double' to 'GLfloat'
C:\Users\user\OneDrive\Desktop\Lesson\Graphic Programming\Practicals\Practical 2 Geometry transformation Part 1\Practical2(previous)\P2Demo.cpp(294,23): warning C4305: 'argument': truncation from 'double' to 'GLfloat'
C:\Users\user\OneDrive\Desktop\Lesson\Graphic Programming\Practicals\Practical 2 Geometry transformation Part 1\Practical2(previous)\P2Demo.cpp(295,24): warning C4305: 'argument': truncation from 'double' to 'GLfloat'
C:\Users\user\OneDrive\Desktop\Lesson\Graphic Programming\Practicals\Practical 2 Geometry transformation Part 1\Practical2(previous)\P2Demo.cpp(296,21): warning C4305: 'argument': truncation from 'double' to 'GLfloat'
C:\Users\user\OneDrive\Desktop\Lesson\Graphic Programming\Practicals\Practical 2 Geometry transformation Part 1\Practical2(previous)\P2Demo.cpp(301,23): warning C4305: 'argument': truncation from 'double' to 'GLfloat'
C:\Users\user\OneDrive\Desktop\Lesson\Graphic Programming\Practicals\Practical 2 Geometry transformation Part 1\Practical2(previous)\P2Demo.cpp(302,24): warning C4305: 'argument': truncation from 'double' to 'GLfloat'
C:\Users\user\OneDrive\Desktop\Lesson\Graphic Programming\Practicals\Practical 2 Geometry transformation Part 1\Practical2(previous)\P2Demo.cpp(312,24): warning C4305: 'argument': truncation from 'double' to 'GLfloat'
C:\Users\user\OneDrive\Desktop\Lesson\Graphic Programming\Practicals\Practical 2 Geometry transformation Part 1\Practical2(previous)\P2Demo.cpp(323,22): warning C4305: 'argument': truncation from 'double' to 'GLfloat'
C:\Users\user\OneDrive\Desktop\Lesson\Graphic Programming\Practicals\Practical 2 Geometry transformation Part 1\Practical2(previous)\P2Demo.cpp(324,33): warning C4305: 'argument': truncation from 'double' to 'GLfloat'
  Practical2.vcxproj -> C:\Users\user\OneDrive\Desktop\Lesson\Graphic Programming\Practicals\Practical 2 Geometry transformation Part 1\Practical2(previous)\x64\Debug\Practical2.exe
