  P1Demo.cpp
C:\Users\user\OneDrive\Desktop\Lesson\Graphic Programming\Practicals\Practical 1 Intro to OpenGL & Geometry Primitives\Question1\P1Demo.cpp(9,18): warning C4305: 'initializing': truncation from 'double' to 'float'
C:\Users\user\OneDrive\Desktop\Lesson\Graphic Programming\Practicals\Practical 1 Intro to OpenGL & Geometry Primitives\Question1\P1Demo.cpp(77,26): warning C4305: 'argument': truncation from 'double' to 'GLfloat'
C:\Users\user\OneDrive\Desktop\Lesson\Graphic Programming\Practicals\Practical 1 Intro to OpenGL & Geometry Primitives\Question1\P1Demo.cpp(78,23): warning C4305: 'argument': truncation from 'double' to 'GLfloat'
C:\Users\user\OneDrive\Desktop\Lesson\Graphic Programming\Practicals\Practical 1 Intro to OpenGL & Geometry Primitives\Question1\P1Demo.cpp(79,22): warning C4305: 'argument': truncation from 'double' to 'GLfloat'
C:\Users\user\OneDrive\Desktop\Lesson\Graphic Programming\Practicals\Practical 1 Intro to OpenGL & Geometry Primitives\Question1\P1Demo.cpp(80,21): warning C4305: 'argument': truncation from 'double' to 'GLfloat'
C:\Users\user\OneDrive\Desktop\Lesson\Graphic Programming\Practicals\Practical 1 Intro to OpenGL & Geometry Primitives\Question1\P1Demo.cpp(81,22): warning C4305: 'argument': truncation from 'double' to 'GLfloat'
C:\Users\user\OneDrive\Desktop\Lesson\Graphic Programming\Practicals\Practical 1 Intro to OpenGL & Geometry Primitives\Question1\P1Demo.cpp(91,10): warning C4244: '=': conversion from 'double' to 'float', possible loss of data
C:\Users\user\OneDrive\Desktop\Lesson\Graphic Programming\Practicals\Practical 1 Intro to OpenGL & Geometry Primitives\Question1\P1Demo.cpp(92,10): warning C4244: '=': conversion from 'double' to 'float', possible loss of data
C:\Users\user\OneDrive\Desktop\Lesson\Graphic Programming\Practicals\Practical 1 Intro to OpenGL & Geometry Primitives\Question1\P1Demo.cpp(107,10): warning C4244: '=': conversion from 'double' to 'float', possible loss of data
C:\Users\user\OneDrive\Desktop\Lesson\Graphic Programming\Practicals\Practical 1 Intro to OpenGL & Geometry Primitives\Question1\P1Demo.cpp(108,10): warning C4244: '=': conversion from 'double' to 'float', possible loss of data
C:\Users\user\OneDrive\Desktop\Lesson\Graphic Programming\Practicals\Practical 1 Intro to OpenGL & Geometry Primitives\Question1\P1Demo.cpp(123,22): warning C4305: 'argument': truncation from 'double' to 'GLfloat'
C:\Users\user\OneDrive\Desktop\Lesson\Graphic Programming\Practicals\Practical 1 Intro to OpenGL & Geometry Primitives\Question1\P1Demo.cpp(124,22): warning C4305: 'argument': truncation from 'double' to 'GLfloat'
C:\Users\user\OneDrive\Desktop\Lesson\Graphic Programming\Practicals\Practical 1 Intro to OpenGL & Geometry Primitives\Question1\P1Demo.cpp(125,21): warning C4305: 'argument': truncation from 'double' to 'GLfloat'
C:\Users\user\OneDrive\Desktop\Lesson\Graphic Programming\Practicals\Practical 1 Intro to OpenGL & Geometry Primitives\Question1\P1Demo.cpp(126,21): warning C4305: 'argument': truncation from 'double' to 'GLfloat'
C:\Users\user\OneDrive\Desktop\Lesson\Graphic Programming\Practicals\Practical 1 Intro to OpenGL & Geometry Primitives\Question1\P1Demo.cpp(131,23): warning C4305: 'argument': truncation from 'double' to 'GLfloat'
C:\Users\user\OneDrive\Desktop\Lesson\Graphic Programming\Practicals\Practical 1 Intro to OpenGL & Geometry Primitives\Question1\P1Demo.cpp(132,22): warning C4305: 'argument': truncation from 'double' to 'GLfloat'
C:\Users\user\OneDrive\Desktop\Lesson\Graphic Programming\Practicals\Practical 1 Intro to OpenGL & Geometry Primitives\Question1\P1Demo.cpp(133,21): warning C4305: 'argument': truncation from 'double' to 'GLfloat'
C:\Users\user\OneDrive\Desktop\Lesson\Graphic Programming\Practicals\Practical 1 Intro to OpenGL & Geometry Primitives\Question1\P1Demo.cpp(134,22): warning C4305: 'argument': truncation from 'double' to 'GLfloat'
C:\Users\user\OneDrive\Desktop\Lesson\Graphic Programming\Practicals\Practical 1 Intro to OpenGL & Geometry Primitives\Question1\P1Demo.cpp(148,22): warning C4305: 'argument': truncation from 'double' to 'GLfloat'
C:\Users\user\OneDrive\Desktop\Lesson\Graphic Programming\Practicals\Practical 1 Intro to OpenGL & Geometry Primitives\Question1\P1Demo.cpp(149,23): warning C4305: 'argument': truncation from 'double' to 'GLfloat'
C:\Users\user\OneDrive\Desktop\Lesson\Graphic Programming\Practicals\Practical 1 Intro to OpenGL & Geometry Primitives\Question1\P1Demo.cpp(150,22): warning C4305: 'argument': truncation from 'double' to 'GLfloat'
C:\Users\user\OneDrive\Desktop\Lesson\Graphic Programming\Practicals\Practical 1 Intro to OpenGL & Geometry Primitives\Question1\P1Demo.cpp(151,21): warning C4305: 'argument': truncation from 'double' to 'GLfloat'
C:\Users\user\OneDrive\Desktop\Lesson\Graphic Programming\Practicals\Practical 1 Intro to OpenGL & Geometry Primitives\Question1\P1Demo.cpp(156,22): warning C4305: 'argument': truncation from 'double' to 'GLfloat'
C:\Users\user\OneDrive\Desktop\Lesson\Graphic Programming\Practicals\Practical 1 Intro to OpenGL & Geometry Primitives\Question1\P1Demo.cpp(157,22): warning C4305: 'argument': truncation from 'double' to 'GLfloat'
C:\Users\user\OneDrive\Desktop\Lesson\Graphic Programming\Practicals\Practical 1 Intro to OpenGL & Geometry Primitives\Question1\P1Demo.cpp(165,22): warning C4305: 'argument': truncation from 'double' to 'GLfloat'
C:\Users\user\OneDrive\Desktop\Lesson\Graphic Programming\Practicals\Practical 1 Intro to OpenGL & Geometry Primitives\Question1\P1Demo.cpp(177,22): warning C4305: 'argument': truncation from 'double' to 'GLfloat'
C:\Users\user\OneDrive\Desktop\Lesson\Graphic Programming\Practicals\Practical 1 Intro to OpenGL & Geometry Primitives\Question1\P1Demo.cpp(178,25): warning C4305: 'argument': truncation from 'double' to 'GLfloat'
C:\Users\user\OneDrive\Desktop\Lesson\Graphic Programming\Practicals\Practical 1 Intro to OpenGL & Geometry Primitives\Question1\P1Demo.cpp(179,23): warning C4305: 'argument': truncation from 'double' to 'GLfloat'
C:\Users\user\OneDrive\Desktop\Lesson\Graphic Programming\Practicals\Practical 1 Intro to OpenGL & Geometry Primitives\Question1\P1Demo.cpp(187,25): warning C4305: 'argument': truncation from 'double' to 'GLfloat'
C:\Users\user\OneDrive\Desktop\Lesson\Graphic Programming\Practicals\Practical 1 Intro to OpenGL & Geometry Primitives\Question1\P1Demo.cpp(188,22): warning C4305: 'argument': truncation from 'double' to 'GLfloat'
C:\Users\user\OneDrive\Desktop\Lesson\Graphic Programming\Practicals\Practical 1 Intro to OpenGL & Geometry Primitives\Question1\P1Demo.cpp(190,22): warning C4305: 'argument': truncation from 'double' to 'GLfloat'
C:\Users\user\OneDrive\Desktop\Lesson\Graphic Programming\Practicals\Practical 1 Intro to OpenGL & Geometry Primitives\Question1\P1Demo.cpp(199,21): warning C4305: 'argument': truncation from 'double' to 'GLfloat'
C:\Users\user\OneDrive\Desktop\Lesson\Graphic Programming\Practicals\Practical 1 Intro to OpenGL & Geometry Primitives\Question1\P1Demo.cpp(200,25): warning C4305: 'argument': truncation from 'double' to 'GLfloat'
C:\Users\user\OneDrive\Desktop\Lesson\Graphic Programming\Practicals\Practical 1 Intro to OpenGL & Geometry Primitives\Question1\P1Demo.cpp(201,22): warning C4305: 'argument': truncation from 'double' to 'GLfloat'
C:\Users\user\OneDrive\Desktop\Lesson\Graphic Programming\Practicals\Practical 1 Intro to OpenGL & Geometry Primitives\Question1\P1Demo.cpp(209,25): warning C4305: 'argument': truncation from 'double' to 'GLfloat'
C:\Users\user\OneDrive\Desktop\Lesson\Graphic Programming\Practicals\Practical 1 Intro to OpenGL & Geometry Primitives\Question1\P1Demo.cpp(210,21): warning C4305: 'argument': truncation from 'double' to 'GLfloat'
C:\Users\user\OneDrive\Desktop\Lesson\Graphic Programming\Practicals\Practical 1 Intro to OpenGL & Geometry Primitives\Question1\P1Demo.cpp(212,21): warning C4305: 'argument': truncation from 'double' to 'GLfloat'
C:\Users\user\OneDrive\Desktop\Lesson\Graphic Programming\Practicals\Practical 1 Intro to OpenGL & Geometry Primitives\Question1\P1Demo.cpp(220,25): warning C4305: 'argument': truncation from 'double' to 'GLfloat'
C:\Users\user\OneDrive\Desktop\Lesson\Graphic Programming\Practicals\Practical 1 Intro to OpenGL & Geometry Primitives\Question1\P1Demo.cpp(223,22): warning C4305: 'argument': truncation from 'double' to 'GLfloat'
C:\Users\user\OneDrive\Desktop\Lesson\Graphic Programming\Practicals\Practical 1 Intro to OpenGL & Geometry Primitives\Question1\P1Demo.cpp(224,23): warning C4305: 'argument': truncation from 'double' to 'GLfloat'
C:\Users\user\OneDrive\Desktop\Lesson\Graphic Programming\Practicals\Practical 1 Intro to OpenGL & Geometry Primitives\Question1\P1Demo.cpp(225,22): warning C4305: 'argument': truncation from 'double' to 'GLfloat'
C:\Users\user\OneDrive\Desktop\Lesson\Graphic Programming\Practicals\Practical 1 Intro to OpenGL & Geometry Primitives\Question1\P1Demo.cpp(226,21): warning C4305: 'argument': truncation from 'double' to 'GLfloat'
C:\Users\user\OneDrive\Desktop\Lesson\Graphic Programming\Practicals\Practical 1 Intro to OpenGL & Geometry Primitives\Question1\P1Demo.cpp(229,23): warning C4305: 'argument': truncation from 'double' to 'GLfloat'
C:\Users\user\OneDrive\Desktop\Lesson\Graphic Programming\Practicals\Practical 1 Intro to OpenGL & Geometry Primitives\Question1\P1Demo.cpp(230,22): warning C4305: 'argument': truncation from 'double' to 'GLfloat'
C:\Users\user\OneDrive\Desktop\Lesson\Graphic Programming\Practicals\Practical 1 Intro to OpenGL & Geometry Primitives\Question1\P1Demo.cpp(231,21): warning C4305: 'argument': truncation from 'double' to 'GLfloat'
C:\Users\user\OneDrive\Desktop\Lesson\Graphic Programming\Practicals\Practical 1 Intro to OpenGL & Geometry Primitives\Question1\P1Demo.cpp(232,22): warning C4305: 'argument': truncation from 'double' to 'GLfloat'
C:\Users\user\OneDrive\Desktop\Lesson\Graphic Programming\Practicals\Practical 1 Intro to OpenGL & Geometry Primitives\Question1\P1Demo.cpp(245,26): warning C4305: 'argument': truncation from 'double' to 'GLfloat'
C:\Users\user\OneDrive\Desktop\Lesson\Graphic Programming\Practicals\Practical 1 Intro to OpenGL & Geometry Primitives\Question1\P1Demo.cpp(246,24): warning C4305: 'argument': truncation from 'double' to 'GLfloat'
C:\Users\user\OneDrive\Desktop\Lesson\Graphic Programming\Practicals\Practical 1 Intro to OpenGL & Geometry Primitives\Question1\P1Demo.cpp(247,25): warning C4305: 'argument': truncation from 'double' to 'GLfloat'
C:\Users\user\OneDrive\Desktop\Lesson\Graphic Programming\Practicals\Practical 1 Intro to OpenGL & Geometry Primitives\Question1\P1Demo.cpp(248,24): warning C4305: 'argument': truncation from 'double' to 'GLfloat'
C:\Users\user\OneDrive\Desktop\Lesson\Graphic Programming\Practicals\Practical 1 Intro to OpenGL & Geometry Primitives\Question1\P1Demo.cpp(249,23): warning C4305: 'argument': truncation from 'double' to 'GLfloat'
C:\Users\user\OneDrive\Desktop\Lesson\Graphic Programming\Practicals\Practical 1 Intro to OpenGL & Geometry Primitives\Question1\P1Demo.cpp(254,22): warning C4305: 'argument': truncation from 'double' to 'GLfloat'
C:\Users\user\OneDrive\Desktop\Lesson\Graphic Programming\Practicals\Practical 1 Intro to OpenGL & Geometry Primitives\Question1\P1Demo.cpp(255,23): warning C4305: 'argument': truncation from 'double' to 'GLfloat'
C:\Users\user\OneDrive\Desktop\Lesson\Graphic Programming\Practicals\Practical 1 Intro to OpenGL & Geometry Primitives\Question1\P1Demo.cpp(256,22): warning C4305: 'argument': truncation from 'double' to 'GLfloat'
C:\Users\user\OneDrive\Desktop\Lesson\Graphic Programming\Practicals\Practical 1 Intro to OpenGL & Geometry Primitives\Question1\P1Demo.cpp(257,21): warning C4305: 'argument': truncation from 'double' to 'GLfloat'
C:\Users\user\OneDrive\Desktop\Lesson\Graphic Programming\Practicals\Practical 1 Intro to OpenGL & Geometry Primitives\Question1\P1Demo.cpp(261,26): warning C4305: 'argument': truncation from 'double' to 'GLfloat'
C:\Users\user\OneDrive\Desktop\Lesson\Graphic Programming\Practicals\Practical 1 Intro to OpenGL & Geometry Primitives\Question1\P1Demo.cpp(262,23): warning C4305: 'argument': truncation from 'double' to 'GLfloat'
C:\Users\user\OneDrive\Desktop\Lesson\Graphic Programming\Practicals\Practical 1 Intro to OpenGL & Geometry Primitives\Question1\P1Demo.cpp(263,24): warning C4305: 'argument': truncation from 'double' to 'GLfloat'
C:\Users\user\OneDrive\Desktop\Lesson\Graphic Programming\Practicals\Practical 1 Intro to OpenGL & Geometry Primitives\Question1\P1Demo.cpp(268,26): warning C4305: 'argument': truncation from 'double' to 'GLfloat'
C:\Users\user\OneDrive\Desktop\Lesson\Graphic Programming\Practicals\Practical 1 Intro to OpenGL & Geometry Primitives\Question1\P1Demo.cpp(269,23): warning C4305: 'argument': truncation from 'double' to 'GLfloat'
C:\Users\user\OneDrive\Desktop\Lesson\Graphic Programming\Practicals\Practical 1 Intro to OpenGL & Geometry Primitives\Question1\P1Demo.cpp(270,22): warning C4305: 'argument': truncation from 'double' to 'GLfloat'
C:\Users\user\OneDrive\Desktop\Lesson\Graphic Programming\Practicals\Practical 1 Intro to OpenGL & Geometry Primitives\Question1\P1Demo.cpp(271,22): warning C4305: 'argument': truncation from 'double' to 'GLfloat'
C:\Users\user\OneDrive\Desktop\Lesson\Graphic Programming\Practicals\Practical 1 Intro to OpenGL & Geometry Primitives\Question1\P1Demo.cpp(275,26): warning C4305: 'argument': truncation from 'double' to 'GLfloat'
C:\Users\user\OneDrive\Desktop\Lesson\Graphic Programming\Practicals\Practical 1 Intro to OpenGL & Geometry Primitives\Question1\P1Demo.cpp(276,22): warning C4305: 'argument': truncation from 'double' to 'GLfloat'
C:\Users\user\OneDrive\Desktop\Lesson\Graphic Programming\Practicals\Practical 1 Intro to OpenGL & Geometry Primitives\Question1\P1Demo.cpp(277,23): warning C4305: 'argument': truncation from 'double' to 'GLfloat'
C:\Users\user\OneDrive\Desktop\Lesson\Graphic Programming\Practicals\Practical 1 Intro to OpenGL & Geometry Primitives\Question1\P1Demo.cpp(282,26): warning C4305: 'argument': truncation from 'double' to 'GLfloat'
C:\Users\user\OneDrive\Desktop\Lesson\Graphic Programming\Practicals\Practical 1 Intro to OpenGL & Geometry Primitives\Question1\P1Demo.cpp(283,22): warning C4305: 'argument': truncation from 'double' to 'GLfloat'
C:\Users\user\OneDrive\Desktop\Lesson\Graphic Programming\Practicals\Practical 1 Intro to OpenGL & Geometry Primitives\Question1\P1Demo.cpp(284,21): warning C4305: 'argument': truncation from 'double' to 'GLfloat'
C:\Users\user\OneDrive\Desktop\Lesson\Graphic Programming\Practicals\Practical 1 Intro to OpenGL & Geometry Primitives\Question1\P1Demo.cpp(285,21): warning C4305: 'argument': truncation from 'double' to 'GLfloat'
C:\Users\user\OneDrive\Desktop\Lesson\Graphic Programming\Practicals\Practical 1 Intro to OpenGL & Geometry Primitives\Question1\P1Demo.cpp(309,22): warning C4305: 'argument': truncation from 'double' to 'GLfloat'
C:\Users\user\OneDrive\Desktop\Lesson\Graphic Programming\Practicals\Practical 1 Intro to OpenGL & Geometry Primitives\Question1\P1Demo.cpp(310,23): warning C4305: 'argument': truncation from 'double' to 'GLfloat'
C:\Users\user\OneDrive\Desktop\Lesson\Graphic Programming\Practicals\Practical 1 Intro to OpenGL & Geometry Primitives\Question1\P1Demo.cpp(311,22): warning C4305: 'argument': truncation from 'double' to 'GLfloat'
C:\Users\user\OneDrive\Desktop\Lesson\Graphic Programming\Practicals\Practical 1 Intro to OpenGL & Geometry Primitives\Question1\P1Demo.cpp(312,21): warning C4305: 'argument': truncation from 'double' to 'GLfloat'
C:\Users\user\OneDrive\Desktop\Lesson\Graphic Programming\Practicals\Practical 1 Intro to OpenGL & Geometry Primitives\Question1\P1Demo.cpp(315,38): warning C4305: 'argument': truncation from 'double' to 'float'
C:\Users\user\OneDrive\Desktop\Lesson\Graphic Programming\Practicals\Practical 1 Intro to OpenGL & Geometry Primitives\Question1\P1Demo.cpp(326,50): warning C4305: 'argument': truncation from 'double' to 'float'
C:\Users\user\OneDrive\Desktop\Lesson\Graphic Programming\Practicals\Practical 1 Intro to OpenGL & Geometry Primitives\Question1\P1Demo.cpp(327,41): warning C4305: 'argument': truncation from 'double' to 'float'
C:\Users\user\OneDrive\Desktop\Lesson\Graphic Programming\Practicals\Practical 1 Intro to OpenGL & Geometry Primitives\Question1\P1Demo.cpp(328,49): warning C4305: 'argument': truncation from 'double' to 'float'
C:\Users\user\OneDrive\Desktop\Lesson\Graphic Programming\Practicals\Practical 1 Intro to OpenGL & Geometry Primitives\Question1\P1Demo.cpp(329,41): warning C4305: 'argument': truncation from 'double' to 'float'
C:\Users\user\OneDrive\Desktop\Lesson\Graphic Programming\Practicals\Practical 1 Intro to OpenGL & Geometry Primitives\Question1\P1Demo.cpp(332,45): warning C4305: 'argument': truncation from 'double' to 'float'
C:\Users\user\OneDrive\Desktop\Lesson\Graphic Programming\Practicals\Practical 1 Intro to OpenGL & Geometry Primitives\Question1\P1Demo.cpp(333,39): warning C4305: 'argument': truncation from 'double' to 'float'
C:\Users\user\OneDrive\Desktop\Lesson\Graphic Programming\Practicals\Practical 1 Intro to OpenGL & Geometry Primitives\Question1\P1Demo.cpp(334,57): warning C4305: 'argument': truncation from 'double' to 'float'
C:\Users\user\OneDrive\Desktop\Lesson\Graphic Programming\Practicals\Practical 1 Intro to OpenGL & Geometry Primitives\Question1\P1Demo.cpp(339,22): warning C4305: 'argument': truncation from 'double' to 'GLfloat'
C:\Users\user\OneDrive\Desktop\Lesson\Graphic Programming\Practicals\Practical 1 Intro to OpenGL & Geometry Primitives\Question1\P1Demo.cpp(340,22): warning C4305: 'argument': truncation from 'double' to 'GLfloat'
C:\Users\user\OneDrive\Desktop\Lesson\Graphic Programming\Practicals\Practical 1 Intro to OpenGL & Geometry Primitives\Question1\P1Demo.cpp(341,21): warning C4305: 'argument': truncation from 'double' to 'GLfloat'
C:\Users\user\OneDrive\Desktop\Lesson\Graphic Programming\Practicals\Practical 1 Intro to OpenGL & Geometry Primitives\Question1\P1Demo.cpp(342,21): warning C4305: 'argument': truncation from 'double' to 'GLfloat'
C:\Users\user\OneDrive\Desktop\Lesson\Graphic Programming\Practicals\Practical 1 Intro to OpenGL & Geometry Primitives\Question1\P1Demo.cpp(347,23): warning C4305: 'argument': truncation from 'double' to 'GLfloat'
C:\Users\user\OneDrive\Desktop\Lesson\Graphic Programming\Practicals\Practical 1 Intro to OpenGL & Geometry Primitives\Question1\P1Demo.cpp(348,22): warning C4305: 'argument': truncation from 'double' to 'GLfloat'
C:\Users\user\OneDrive\Desktop\Lesson\Graphic Programming\Practicals\Practical 1 Intro to OpenGL & Geometry Primitives\Question1\P1Demo.cpp(349,22): warning C4305: 'argument': truncation from 'double' to 'GLfloat'
C:\Users\user\OneDrive\Desktop\Lesson\Graphic Programming\Practicals\Practical 1 Intro to OpenGL & Geometry Primitives\Question1\P1Demo.cpp(354,21): warning C4305: 'argument': truncation from 'double' to 'GLfloat'
C:\Users\user\OneDrive\Desktop\Lesson\Graphic Programming\Practicals\Practical 1 Intro to OpenGL & Geometry Primitives\Question1\P1Demo.cpp(355,23): warning C4305: 'argument': truncation from 'double' to 'GLfloat'
C:\Users\user\OneDrive\Desktop\Lesson\Graphic Programming\Practicals\Practical 1 Intro to OpenGL & Geometry Primitives\Question1\P1Demo.cpp(356,22): warning C4305: 'argument': truncation from 'double' to 'GLfloat'
C:\Users\user\OneDrive\Desktop\Lesson\Graphic Programming\Practicals\Practical 1 Intro to OpenGL & Geometry Primitives\Question1\P1Demo.cpp(361,22): warning C4305: 'argument': truncation from 'double' to 'GLfloat'
C:\Users\user\OneDrive\Desktop\Lesson\Graphic Programming\Practicals\Practical 1 Intro to OpenGL & Geometry Primitives\Question1\P1Demo.cpp(362,21): warning C4305: 'argument': truncation from 'double' to 'GLfloat'
C:\Users\user\OneDrive\Desktop\Lesson\Graphic Programming\Practicals\Practical 1 Intro to OpenGL & Geometry Primitives\Question1\P1Demo.cpp(363,21): warning C4305: 'argument': truncation from 'double' to 'GLfloat'
C:\Users\user\OneDrive\Desktop\Lesson\Graphic Programming\Practicals\Practical 1 Intro to OpenGL & Geometry Primitives\Question1\P1Demo.cpp(366,41): warning C4305: 'argument': truncation from 'double' to 'float'
C:\Users\user\OneDrive\Desktop\Lesson\Graphic Programming\Practicals\Practical 1 Intro to OpenGL & Geometry Primitives\Question1\P1Demo.cpp(370,22): warning C4305: 'argument': truncation from 'double' to 'GLfloat'
C:\Users\user\OneDrive\Desktop\Lesson\Graphic Programming\Practicals\Practical 1 Intro to OpenGL & Geometry Primitives\Question1\P1Demo.cpp(371,22): warning C4305: 'argument': truncation from 'double' to 'GLfloat'
C:\Users\user\OneDrive\Desktop\Lesson\Graphic Programming\Practicals\Practical 1 Intro to OpenGL & Geometry Primitives\Question1\P1Demo.cpp(372,23): warning C4305: 'argument': truncation from 'double' to 'GLfloat'
C:\Users\user\OneDrive\Desktop\Lesson\Graphic Programming\Practicals\Practical 1 Intro to OpenGL & Geometry Primitives\Question1\P1Demo.cpp(373,23): warning C4305: 'argument': truncation from 'double' to 'GLfloat'
C:\Users\user\OneDrive\Desktop\Lesson\Graphic Programming\Practicals\Practical 1 Intro to OpenGL & Geometry Primitives\Question1\P1Demo.cpp(378,21): warning C4305: 'argument': truncation from 'double' to 'GLfloat'
C:\Users\user\OneDrive\Desktop\Lesson\Graphic Programming\Practicals\Practical 1 Intro to OpenGL & Geometry Primitives\Question1\P1Demo.cpp(379,21): warning C4305: 'argument': truncation from 'double' to 'GLfloat'
C:\Users\user\OneDrive\Desktop\Lesson\Graphic Programming\Practicals\Practical 1 Intro to OpenGL & Geometry Primitives\Question1\P1Demo.cpp(380,22): warning C4305: 'argument': truncation from 'double' to 'GLfloat'
C:\Users\user\OneDrive\Desktop\Lesson\Graphic Programming\Practicals\Practical 1 Intro to OpenGL & Geometry Primitives\Question1\P1Demo.cpp(381,22): warning C4305: 'argument': truncation from 'double' to 'GLfloat'
  P1 DEmo.vcxproj -> C:\Users\user\OneDrive\Desktop\Lesson\Graphic Programming\Practicals\Practical 1 Intro to OpenGL & Geometry Primitives\Question1\x64\Debug\P1 Demo.exe
